Using pre-set license
Built from '2020.3/staging' branch; Version is '2020.3.32f1 (12f8b0834f07) revision 1243312'; Using compiler version '192528614'; Build Type 'Release'
OS: 'Windows 10  (10.0.19044) 64bit Professional' Language: 'ru' Physical Memory: 16272 MB
BatchMode: 1, IsHumanControllingUs: 0, StartBugReporterOnCrash: 0, Is64bit: 1, IsPro: 0

COMMAND LINE ARGUMENTS:
C:\Program Files\Unity\Hub\Editor\2020.3.32f1\Editor\Unity.exe
-adb2
-batchMode
-noUpm
-name
AssetImportWorker0
-projectPath
D:/TheFirstAdventure
-logFile
Logs/AssetImportWorker0.log
-srvPort
53837
Successfully changed project path to: D:/TheFirstAdventure
D:/TheFirstAdventure
Using Asset Import Pipeline V2.
Refreshing native plugins compatible for Editor in 34.23 ms, found 2 plugins.
Preloading 0 native plugins for Editor in 0.00 ms.
Initialize engine version: 2020.3.32f1 (12f8b0834f07)
[Subsystems] Discovering subsystems at path C:/Program Files/Unity/Hub/Editor/2020.3.32f1/Editor/Data/Resources/UnitySubsystems
[Subsystems] Discovering subsystems at path D:/TheFirstAdventure/Assets
GfxDevice: creating device client; threaded=0
Direct3D:
    Version:  Direct3D 11.0 [level 11.1]
    Renderer: Intel(R) HD Graphics 530 (ID=0x1912)
    Vendor:   
    VRAM:     8136 MB
    Driver:   26.20.100.7262
Initialize mono
Mono path[0] = 'C:/Program Files/Unity/Hub/Editor/2020.3.32f1/Editor/Data/Managed'
Mono path[1] = 'C:/Program Files/Unity/Hub/Editor/2020.3.32f1/Editor/Data/MonoBleedingEdge/lib/mono/unityjit'
Mono config path = 'C:/Program Files/Unity/Hub/Editor/2020.3.32f1/Editor/Data/MonoBleedingEdge/etc'
Using monoOptions --debugger-agent=transport=dt_socket,embedding=1,server=y,suspend=n,address=127.0.0.1:56736
Begin MonoManager ReloadAssembly
Registering precompiled unity dll's ...
Register platform support module: C:/Program Files/Unity/Hub/Editor/2020.3.32f1/Editor/Data/PlaybackEngines/WebGLSupport/UnityEditor.WebGL.Extensions.dll
Register platform support module: C:/Program Files/Unity/Hub/Editor/2020.3.32f1/Editor/Data/PlaybackEngines/WindowsStandaloneSupport/UnityEditor.WindowsStandalone.Extensions.dll
Registered in 0.002637 seconds.
Native extension for WindowsStandalone target not found
Native extension for WebGL target not found
Refreshing native plugins compatible for Editor in 32.68 ms, found 2 plugins.
Preloading 0 native plugins for Editor in 0.00 ms.
Mono: successfully reloaded assembly
- Completed reload, in  0.643 seconds
Domain Reload Profiling:
	ReloadAssembly (643ms)
		BeginReloadAssembly (74ms)
			ExecutionOrderSort (0ms)
			DisableScriptedObjects (0ms)
			BackupInstance (0ms)
			ReleaseScriptingObjects (0ms)
			CreateAndSetChildDomain (1ms)
		EndReloadAssembly (487ms)
			LoadAssemblies (72ms)
			RebuildTransferFunctionScriptingTraits (0ms)
			SetupTypeCache (172ms)
			ReleaseScriptCaches (0ms)
			RebuildScriptCaches (37ms)
			SetupLoadedEditorAssemblies (173ms)
				LogAssemblyErrors (0ms)
				InitializePlatformSupportModulesInManaged (5ms)
				SetLoadedEditorAssemblies (0ms)
				RefreshPlugins (33ms)
				BeforeProcessingInitializeOnLoad (11ms)
				ProcessInitializeOnLoadAttributes (92ms)
				ProcessInitializeOnLoadMethodAttributes (31ms)
				AfterProcessingInitializeOnLoad (0ms)
				EditorAssembliesLoaded (0ms)
			ExecutionOrderSort2 (0ms)
			AwakeInstancesAfterBackupRestoration (0ms)
Platform modules already initialized, skipping
Registering precompiled user dll's ...
Registered in 0.002557 seconds.
Begin MonoManager ReloadAssembly
Native extension for WindowsStandalone target not found
Native extension for WebGL target not found
Refreshing native plugins compatible for Editor in 0.33 ms, found 2 plugins.
Preloading 0 native plugins for Editor in 0.00 ms.
Mono: successfully reloaded assembly
- Completed reload, in  1.085 seconds
Domain Reload Profiling:
	ReloadAssembly (1086ms)
		BeginReloadAssembly (174ms)
			ExecutionOrderSort (0ms)
			DisableScriptedObjects (5ms)
			BackupInstance (0ms)
			ReleaseScriptingObjects (0ms)
			CreateAndSetChildDomain (23ms)
		EndReloadAssembly (848ms)
			LoadAssemblies (104ms)
			RebuildTransferFunctionScriptingTraits (0ms)
			SetupTypeCache (296ms)
			ReleaseScriptCaches (0ms)
			RebuildScriptCaches (46ms)
			SetupLoadedEditorAssemblies (312ms)
				LogAssemblyErrors (0ms)
				InitializePlatformSupportModulesInManaged (6ms)
				SetLoadedEditorAssemblies (1ms)
				RefreshPlugins (0ms)
				BeforeProcessingInitializeOnLoad (60ms)
				ProcessInitializeOnLoadAttributes (229ms)
				ProcessInitializeOnLoadMethodAttributes (10ms)
				AfterProcessingInitializeOnLoad (7ms)
				EditorAssembliesLoaded (0ms)
			ExecutionOrderSort2 (0ms)
			AwakeInstancesAfterBackupRestoration (8ms)
Platform modules already initialized, skipping
========================================================================
Worker process is ready to serve import requests
Launched and connected shader compiler UnityShaderCompiler.exe after 0.09 seconds
Refreshing native plugins compatible for Editor in 0.34 ms, found 2 plugins.
Preloading 0 native plugins for Editor in 0.00 ms.
Unloading 1506 Unused Serialized files (Serialized files now loaded: 0)
System memory in use before: 68.7 MB.
System memory in use after: 68.7 MB.

Unloading 16 unused Assets to reduce memory usage. Loaded Objects now: 1942.
Total: 3.093700 ms (FindLiveObjects: 0.115600 ms CreateObjectMapping: 0.044000 ms MarkObjects: 2.810700 ms  DeleteObjects: 0.122500 ms)

AssetImportParameters requested are different than current active one (requested -> active):
  custom:framework-win-MediaFoundation: 216162199b28c13a410421893ffa2e32 -> 
  custom:video-decoder-ogg-theora: a1e56fd34408186e4bbccfd4996cb3dc -> 
  custom:container-muxer-webm: aa71ff27fc2769a1b78a27578f13a17b -> 
  custom:container-demuxer-webm: 4f35f7cbe854078d1ac9338744f61a02 -> 
  custom:container-demuxer-ogg: 62fdf1f143b41e24485cea50d1cbac27 -> 
  custom:video-encoder-webm-vp8: eb34c28f22e8b96e1ab97ce403110664 -> 
  custom:video-decoder-webm-vp8: 9c59270c3fd7afecdb556c50c9e8de78 -> 
  custom:audio-decoder-ogg-vorbis: bf7c407c2cedff20999df2af8eb42d56 -> 
  custom:audio-encoder-webm-vorbis: bf7c407c2cedff20999df2af8eb42d56 -> 
========================================================================
Received Import Request.
  path: Assets/3dmodels/Player/йцу.fbx
  artifactKey: Guid(356c5200ef149714d889029290c255c6) Importer(815301076,1909f56bfc062723c751e8b465ee728b)
Start importing Assets/3dmodels/Player/йцу.fbx using Guid(356c5200ef149714d889029290c255c6) Importer(815301076,1909f56bfc062723c751e8b465ee728b)  -> (artifact id: '3068b209d7bf7fe9e34dba00f28a2911') in 0.108526 seconds 
========================================================================
Received Import Request.
  Time since last request: 119.677136 seconds.
  path: Assets/3dmodels/Player/персонаж 1.fbx
  artifactKey: Guid(f37adad539eecd748906935f99e0171c) Importer(815301076,1909f56bfc062723c751e8b465ee728b)
Start importing Assets/3dmodels/Player/персонаж 1.fbx using Guid(f37adad539eecd748906935f99e0171c) Importer(815301076,1909f56bfc062723c751e8b465ee728b)  -> (artifact id: '48c97ab50cd0d299352663c794b75e29') in 0.281085 seconds 
========================================================================
Received Import Request.
  Time since last request: 428.650400 seconds.
  path: Assets/3dmodels/Player/персонаж 1.fbx
  artifactKey: Guid(f37adad539eecd748906935f99e0171c) Importer(815301076,1909f56bfc062723c751e8b465ee728b)
Start importing Assets/3dmodels/Player/персонаж 1.fbx using Guid(f37adad539eecd748906935f99e0171c) Importer(815301076,1909f56bfc062723c751e8b465ee728b)  -> (artifact id: '297bd5053bdf8c2ff64bd891e5dd96c1') in 0.145180 seconds 
========================================================================
Received Import Request.
  Time since last request: 0.000349 seconds.
  path: Assets/3dmodels/Player/Material.008.mat
  artifactKey: Guid(3a9377296c1fe5a47b368b4c37302543) Importer(815301076,1909f56bfc062723c751e8b465ee728b)
Start importing Assets/3dmodels/Player/Material.008.mat using Guid(3a9377296c1fe5a47b368b4c37302543) Importer(815301076,1909f56bfc062723c751e8b465ee728b)  -> (artifact id: 'f40a695cf95acf80058d7a8fb031383a') in 0.070729 seconds 
========================================================================
Received Import Request.
  Time since last request: 0.000350 seconds.
  path: Assets/3dmodels/Player/Material.002.mat
  artifactKey: Guid(3d658523a8894254f8930f4f487e84c6) Importer(815301076,1909f56bfc062723c751e8b465ee728b)
Start importing Assets/3dmodels/Player/Material.002.mat using Guid(3d658523a8894254f8930f4f487e84c6) Importer(815301076,1909f56bfc062723c751e8b465ee728b)  -> (artifact id: '065db9bdaf6d1c340679c90f2a05554e') in 0.033764 seconds 
========================================================================
Received Import Request.
  Time since last request: 0.000381 seconds.
  path: Assets/3dmodels/Player/Material.007.mat
  artifactKey: Guid(bec9379f37230b741876e71d09054be5) Importer(815301076,1909f56bfc062723c751e8b465ee728b)
Start importing Assets/3dmodels/Player/Material.007.mat using Guid(bec9379f37230b741876e71d09054be5) Importer(815301076,1909f56bfc062723c751e8b465ee728b)  -> (artifact id: '785dd4c207ac526cb6b143ec1062ef41') in 0.021936 seconds 
========================================================================
Received Import Request.
  Time since last request: 0.000153 seconds.
  path: Assets/3dmodels/Player/Material.005.mat
  artifactKey: Guid(38d00125fddf03f4e9f2eb80d7264d9b) Importer(815301076,1909f56bfc062723c751e8b465ee728b)
Start importing Assets/3dmodels/Player/Material.005.mat using Guid(38d00125fddf03f4e9f2eb80d7264d9b) Importer(815301076,1909f56bfc062723c751e8b465ee728b)  -> (artifact id: '6cec4d9df974fdd5abc799cada415eaa') in 0.038806 seconds 
========================================================================
Received Import Request.
  Time since last request: 0.000262 seconds.
  path: Assets/3dmodels/Player/Рюкзак.mat
  artifactKey: Guid(1cefd72d3eb33f64c8eacae44804f530) Importer(815301076,1909f56bfc062723c751e8b465ee728b)
Start importing Assets/3dmodels/Player/Рюкзак.mat using Guid(1cefd72d3eb33f64c8eacae44804f530) Importer(815301076,1909f56bfc062723c751e8b465ee728b)  -> (artifact id: 'eed6032df2f16a406715a9807e033af9') in 0.023398 seconds 
========================================================================
Received Import Request.
  Time since last request: 41.390889 seconds.
  path: Assets/3dmodels/Player/UVW2.jpg
  artifactKey: Guid(5e91ed09e9bea734ca4b5fdf3b22d7fa) Importer(815301076,1909f56bfc062723c751e8b465ee728b)
Start importing Assets/3dmodels/Player/UVW2.jpg using Guid(5e91ed09e9bea734ca4b5fdf3b22d7fa) Importer(815301076,1909f56bfc062723c751e8b465ee728b)  -> (artifact id: '2aaf2aa819d1674c1ac7453512891f31') in 0.057235 seconds 
========================================================================
Received Import Request.
  Time since last request: 137.022438 seconds.
  path: Assets/3dmodels/Player/Pizzamen UW.mat
  artifactKey: Guid(38d00125fddf03f4e9f2eb80d7264d9b) Importer(815301076,1909f56bfc062723c751e8b465ee728b)
Start importing Assets/3dmodels/Player/Pizzamen UW.mat using Guid(38d00125fddf03f4e9f2eb80d7264d9b) Importer(815301076,1909f56bfc062723c751e8b465ee728b)  -> (artifact id: '5df3560d88473b36bb75351c69930b5c') in 0.031899 seconds 
========================================================================
Received Import Request.
  Time since last request: 54.884817 seconds.
  path: Assets/3dmodels/Player/Materials
  artifactKey: Guid(dabc42df0c2a60f4989ae916effbb522) Importer(815301076,1909f56bfc062723c751e8b465ee728b)
Start importing Assets/3dmodels/Player/Materials using Guid(dabc42df0c2a60f4989ae916effbb522) Importer(815301076,1909f56bfc062723c751e8b465ee728b)  -> (artifact id: 'd250c2a36d5cc1e183f8982bbcceb08c') in 0.013421 seconds 
========================================================================
Received Import Request.
  Time since last request: 21.248468 seconds.
  path: Assets/3dmodels/Player/Animatoins
  artifactKey: Guid(3549d254160d4c342938bb04cbd14a1e) Importer(815301076,1909f56bfc062723c751e8b465ee728b)
Start importing Assets/3dmodels/Player/Animatoins using Guid(3549d254160d4c342938bb04cbd14a1e) Importer(815301076,1909f56bfc062723c751e8b465ee728b)  -> (artifact id: 'd6d470fab5f159feae92d9f1a253cc68') in 0.007904 seconds 
========================================================================
Received Import Request.
  Time since last request: 31.328058 seconds.
  path: Assets/3dmodels/Player/Hair.mat
  artifactKey: Guid(3d658523a8894254f8930f4f487e84c6) Importer(815301076,1909f56bfc062723c751e8b465ee728b)
Start importing Assets/3dmodels/Player/Hair.mat using Guid(3d658523a8894254f8930f4f487e84c6) Importer(815301076,1909f56bfc062723c751e8b465ee728b)  -> (artifact id: '75d0d33977225591c07ec8be7ab7e148') in 0.032920 seconds 
========================================================================
Received Import Request.
  Time since last request: 35.230370 seconds.
  path: Assets/3dmodels/Player/Materials/Bag.mat
  artifactKey: Guid(1cefd72d3eb33f64c8eacae44804f530) Importer(815301076,1909f56bfc062723c751e8b465ee728b)
Start importing Assets/3dmodels/Player/Materials/Bag.mat using Guid(1cefd72d3eb33f64c8eacae44804f530) Importer(815301076,1909f56bfc062723c751e8b465ee728b)  -> (artifact id: '7ad5b9680f69a520867b335a5a066a07') in 0.022135 seconds 
========================================================================
Received Import Request.
  Time since last request: 24.683799 seconds.
  path: Assets/3dmodels/Player/Materials/Pizza_man
  artifactKey: Guid(974d1dedc36d4f244993baf49b636f28) Importer(815301076,1909f56bfc062723c751e8b465ee728b)
Start importing Assets/3dmodels/Player/Materials/Pizza_man using Guid(974d1dedc36d4f244993baf49b636f28) Importer(815301076,1909f56bfc062723c751e8b465ee728b)  -> (artifact id: '7f9c99e4c36643cf77047e70c7381a30') in 0.010355 seconds 
========================================================================
Received Import Request.
  Time since last request: 10.554938 seconds.
  path: Assets/3dmodels/Player/Materials/Bag
  artifactKey: Guid(9e76cd0fba7795442bc5f3c32c084365) Importer(815301076,1909f56bfc062723c751e8b465ee728b)
Start importing Assets/3dmodels/Player/Materials/Bag using Guid(9e76cd0fba7795442bc5f3c32c084365) Importer(815301076,1909f56bfc062723c751e8b465ee728b)  -> (artifact id: '42e696844c3ec32c99329b71a1c1089d') in 0.003192 seconds 
========================================================================
Received Import Request.
  Time since last request: 37.465564 seconds.
  path: Assets/3dmodels/Player/Materials/Bag/FabricLeatherBlack001_COL_6K.jpg
  artifactKey: Guid(a8d3c836d4d222c4f8b61bae7318912a) Importer(815301076,1909f56bfc062723c751e8b465ee728b)
Start importing Assets/3dmodels/Player/Materials/Bag/FabricLeatherBlack001_COL_6K.jpg using Guid(a8d3c836d4d222c4f8b61bae7318912a) Importer(815301076,1909f56bfc062723c751e8b465ee728b)  -> (artifact id: 'd1cc4d4628f622ce8918816ff400f8b4') in 0.023070 seconds 
========================================================================
Received Import Request.
  Time since last request: 0.000392 seconds.
  path: Assets/3dmodels/Player/Materials/Bag/FabricLeatherBlack001_REFL_6K.jpg
  artifactKey: Guid(eb9d02d6e35ffcf4c973dbcb5d3e78a0) Importer(815301076,1909f56bfc062723c751e8b465ee728b)
Start importing Assets/3dmodels/Player/Materials/Bag/FabricLeatherBlack001_REFL_6K.jpg using Guid(eb9d02d6e35ffcf4c973dbcb5d3e78a0) Importer(815301076,1909f56bfc062723c751e8b465ee728b)  -> (artifact id: '4a78a131d1b89bbf81a0817534ef14ce') in 0.036383 seconds 
========================================================================
Received Import Request.
  Time since last request: 0.000408 seconds.
  path: Assets/3dmodels/Player/Materials/Bag/FabricLeatherBlack001_GLOSS_6K.jpg
  artifactKey: Guid(7fc7646de4495c049ab0c55206c2711e) Importer(815301076,1909f56bfc062723c751e8b465ee728b)
Start importing Assets/3dmodels/Player/Materials/Bag/FabricLeatherBlack001_GLOSS_6K.jpg using Guid(7fc7646de4495c049ab0c55206c2711e) Importer(815301076,1909f56bfc062723c751e8b465ee728b)  -> (artifact id: '12f9c7c2f5f5b1ba1668a0f24b226f7b') in 0.016821 seconds 
========================================================================
Received Import Request.
  Time since last request: 0.000310 seconds.
  path: Assets/3dmodels/Player/Materials/Bag/FabricLeatherBlack001_NRM_6K.jpg
  artifactKey: Guid(5da0b446680f3ae488967525c50a4959) Importer(815301076,1909f56bfc062723c751e8b465ee728b)
Start importing Assets/3dmodels/Player/Materials/Bag/FabricLeatherBlack001_NRM_6K.jpg using Guid(5da0b446680f3ae488967525c50a4959) Importer(815301076,1909f56bfc062723c751e8b465ee728b)  -> (artifact id: 'ec51919a1bba91e0a9774e8fe46f958b') in 0.016261 seconds 
========================================================================
Received Import Request.
  Time since last request: 0.000889 seconds.
  path: Assets/3dmodels/Player/Materials/Bag/FabricLeatherBlack001_DISP16_6K.tif
  artifactKey: Guid(0b85a127acec59049bda5065e47f7e33) Importer(815301076,1909f56bfc062723c751e8b465ee728b)
Start importing Assets/3dmodels/Player/Materials/Bag/FabricLeatherBlack001_DISP16_6K.tif using Guid(0b85a127acec59049bda5065e47f7e33) Importer(815301076,1909f56bfc062723c751e8b465ee728b)  -> (artifact id: '51ebee78c132707906a04dc703a452a2') in 0.022169 seconds 
========================================================================
Received Import Request.
  Time since last request: 0.000248 seconds.
  path: Assets/3dmodels/Player/Materials/Bag/FabricLeatherBlack001_DISP_6K.jpg
  artifactKey: Guid(8372b9726b45295458eb86a7fa276d70) Importer(815301076,1909f56bfc062723c751e8b465ee728b)
Start importing Assets/3dmodels/Player/Materials/Bag/FabricLeatherBlack001_DISP_6K.jpg using Guid(8372b9726b45295458eb86a7fa276d70) Importer(815301076,1909f56bfc062723c751e8b465ee728b)  -> (artifact id: '5dec12d588f32e8cf201a2304afe4f93') in 0.031491 seconds 
========================================================================
Received Import Request.
  Time since last request: 60.019101 seconds.
  path: Assets/3dmodels/Player/Materials/Bag/FabricLeatherBlack001_COL_6K.jpg
  artifactKey: Guid(a8d3c836d4d222c4f8b61bae7318912a) Importer(815301076,1909f56bfc062723c751e8b465ee728b)
Start importing Assets/3dmodels/Player/Materials/Bag/FabricLeatherBlack001_COL_6K.jpg using Guid(a8d3c836d4d222c4f8b61bae7318912a) Importer(815301076,1909f56bfc062723c751e8b465ee728b)  -> (artifact id: 'c835ccc6e27bbe2e2d8c220b2736cce5') in 0.032795 seconds 
========================================================================
Received Import Request.
  Time since last request: 33.208213 seconds.
  path: Assets/3dmodels/Player/Materials/Bag/FabricLeatherBlack001_NRM_6K.jpg
  artifactKey: Guid(5da0b446680f3ae488967525c50a4959) Importer(815301076,1909f56bfc062723c751e8b465ee728b)
Start importing Assets/3dmodels/Player/Materials/Bag/FabricLeatherBlack001_NRM_6K.jpg using Guid(5da0b446680f3ae488967525c50a4959) Importer(815301076,1909f56bfc062723c751e8b465ee728b)  -> (artifact id: 'ba55366a8709041aee24a62e0564f41f') in 0.035050 seconds 
========================================================================
Received Import Request.
  Time since last request: 139.423499 seconds.
  path: Assets/3dmodels/Player/Materials/Bag/FabricLeatherBlack001_DISP16_6K.tif
  artifactKey: Guid(0b85a127acec59049bda5065e47f7e33) Importer(815301076,1909f56bfc062723c751e8b465ee728b)
Start importing Assets/3dmodels/Player/Materials/Bag/FabricLeatherBlack001_DISP16_6K.tif using Guid(0b85a127acec59049bda5065e47f7e33) Importer(815301076,1909f56bfc062723c751e8b465ee728b)  -> (artifact id: '976bb3403df419bb08402a977278fa0b') in 0.029222 seconds 
========================================================================
Received Import Request.
  Time since last request: 7.886369 seconds.
  path: Assets/3dmodels/Player/Materials/Bag/FabricLeatherBlack001_DISP_6K.jpg
  artifactKey: Guid(8372b9726b45295458eb86a7fa276d70) Importer(815301076,1909f56bfc062723c751e8b465ee728b)
Start importing Assets/3dmodels/Player/Materials/Bag/FabricLeatherBlack001_DISP_6K.jpg using Guid(8372b9726b45295458eb86a7fa276d70) Importer(815301076,1909f56bfc062723c751e8b465ee728b)  -> (artifact id: '5309016f77539adc79c40f038784739d') in 0.026830 seconds 
========================================================================
Received Import Request.
  Time since last request: 9.519816 seconds.
  path: Assets/3dmodels/Player/Materials/Bag/FabricLeatherBlack001_GLOSS_6K.jpg
  artifactKey: Guid(7fc7646de4495c049ab0c55206c2711e) Importer(815301076,1909f56bfc062723c751e8b465ee728b)
Start importing Assets/3dmodels/Player/Materials/Bag/FabricLeatherBlack001_GLOSS_6K.jpg using Guid(7fc7646de4495c049ab0c55206c2711e) Importer(815301076,1909f56bfc062723c751e8b465ee728b)  -> (artifact id: 'c480d3c8e5153720e98ba8a74fc4cd7d') in 0.029188 seconds 
========================================================================
Received Import Request.
  Time since last request: 19.425603 seconds.
  path: Assets/3dmodels/Player/Materials/Bag/FabricLeatherBlack001_NRM_6K.jpg
  artifactKey: Guid(5da0b446680f3ae488967525c50a4959) Importer(815301076,1909f56bfc062723c751e8b465ee728b)
Start importing Assets/3dmodels/Player/Materials/Bag/FabricLeatherBlack001_NRM_6K.jpg using Guid(5da0b446680f3ae488967525c50a4959) Importer(815301076,1909f56bfc062723c751e8b465ee728b)  -> (artifact id: '89384e132c810f06f4aa11eca39ee233') in 0.059450 seconds 
========================================================================
Received Import Request.
  Time since last request: 6.201387 seconds.
  path: Assets/3dmodels/Player/Materials/Bag/FabricLeatherBlack001_REFL_6K.jpg
  artifactKey: Guid(eb9d02d6e35ffcf4c973dbcb5d3e78a0) Importer(815301076,1909f56bfc062723c751e8b465ee728b)
Start importing Assets/3dmodels/Player/Materials/Bag/FabricLeatherBlack001_REFL_6K.jpg using Guid(eb9d02d6e35ffcf4c973dbcb5d3e78a0) Importer(815301076,1909f56bfc062723c751e8b465ee728b)  -> (artifact id: 'c6cd497471b77997de82a2c9b47f15b3') in 0.025895 seconds 
AssetImportWorkerClient::OnTransportError - code=2 error=End of file
